-------------------------------------------------------------------------------
Test set: TestingTest
-------------------------------------------------------------------------------
Tests run: 1, Failures: 1, Errors: 0, Skipped: 0, Time elapsed: 0.004 s <<< FAILURE! - in TestingTest
TestingTest.multiply  Time elapsed: 0.002 s  <<< FAILURE!
org.opentest4j.AssertionFailedError: 5 x 3 must return 15 ==> expected: <15> but was: <8>
	at TestingTest.multiply(TestingTest.java:10)

